Lmod has detected the following error: These module(s) or extension(s) exist
but cannot be loaded as requested: "env/release/2024.1"
   Try: "module spider env/release/2024.1" to see how to load the module(s).



Lmod has detected the following error: These module(s) or extension(s) exist
but cannot be loaded as requested: "Python/3.12.3-GCCcore-13.3.0"
   Try: "module spider Python/3.12.3-GCCcore-13.3.0" to see how to load the
module(s).



Lmod has detected the following error: These module(s) or extension(s) exist
but cannot be loaded as requested: "SciPy-bundle/2024.05-gfbf-2024a"
   Try: "module spider SciPy-bundle/2024.05-gfbf-2024a" to see how to load the
module(s).



Lmod has detected the following error: These module(s) or extension(s) exist
but cannot be loaded as requested: "OpenMPI/5.0.3-GCC-13.3.0"
   Try: "module spider OpenMPI/5.0.3-GCC-13.3.0" to see how to load the
module(s).



Debug: EBROOTPYTHON is ''
=== STARTING BENCHMARK ON mel0534 ===
Python: /mnt/tier2/users/u102575/RandNLA_Project1_Sorbonne/venv/bin/python
LD_LIBRARY_PATH: /lib:
[1/4] MSD Stability (c=10^4)...
/mnt/tier2/users/u102575/RandNLA_Project1_Sorbonne/venv/bin/python: error while loading shared libraries: libpython3.12.so.1.0: cannot open shared object file: No such file or directory
/mnt/tier2/users/u102575/RandNLA_Project1_Sorbonne/venv/bin/python: error while loading shared libraries: libpython3.12.so.1.0: cannot open shared object file: No such file or directory
/mnt/tier2/users/u102575/RandNLA_Project1_Sorbonne/venv/bin/python: error while loading shared libraries: libpython3.12.so.1.0: cannot open shared object file: No such file or directory
/mnt/tier2/users/u102575/RandNLA_Project1_Sorbonne/venv/bin/python: error while loading shared libraries: libpython3.12.so.1.0: cannot open shared object file: No such file or directory
/mnt/tier2/users/u102575/RandNLA_Project1_Sorbonne/venv/bin/python: error while loading shared libraries: libpython3.12.so.1.0: cannot open shared object file: No such file or directory
/mnt/tier2/users/u102575/RandNLA_Project1_Sorbonne/venv/bin/python: error while loading shared libraries: libpython3.12.so.1.0: cannot open shared object file: No such file or directory
/mnt/tier2/users/u102575/RandNLA_Project1_Sorbonne/venv/bin/python: error while loading shared libraries: libpython3.12.so.1.0: cannot open shared object file: No such file or directory
/mnt/tier2/users/u102575/RandNLA_Project1_Sorbonne/venv/bin/python: error while loading shared libraries: libpython3.12.so.1.0: cannot open shared object file: No such file or directory
/mnt/tier2/users/u102575/RandNLA_Project1_Sorbonne/venv/bin/python: error while loading shared libraries: libpython3.12.so.1.0: cannot open shared object file: No such file or directory
/mnt/tier2/users/u102575/RandNLA_Project1_Sorbonne/venv/bin/python: error while loading shared libraries: libpython3.12.so.1.0: cannot open shared object file: No such file or directory
/mnt/tier2/users/u102575/RandNLA_Project1_Sorbonne/venv/bin/python: error while loading shared libraries: libpython3.12.so.1.0: cannot open shared object file: No such file or directory
/mnt/tier2/users/u102575/RandNLA_Project1_Sorbonne/venv/bin/python: error while loading shared libraries: libpython3.12.so.1.0: cannot open shared object file: No such file or directory
/mnt/tier2/users/u102575/RandNLA_Project1_Sorbonne/venv/bin/python: error while loading shared libraries: libpython3.12.so.1.0: cannot open shared object file: No such file or directory
srun: error: mel0534: tasks 0-2,4-9,12-15: Exited with exit code 127
srun: error: mel0534: tasks 3,10-11: Terminated
srun: Force Terminated StepId=3996378.0
[2/4] MSD Stability (c=10^5)...
/mnt/tier2/users/u102575/RandNLA_Project1_Sorbonne/venv/bin/python: error while loading shared libraries: libpython3.12.so.1.0: cannot open shared object file: No such file or directory
/mnt/tier2/users/u102575/RandNLA_Project1_Sorbonne/venv/bin/python: error while loading shared libraries: libpython3.12.so.1.0: cannot open shared object file: No such file or directory
/mnt/tier2/users/u102575/RandNLA_Project1_Sorbonne/venv/bin/python: error while loading shared libraries: libpython3.12.so.1.0: cannot open shared object file: No such file or directory
/mnt/tier2/users/u102575/RandNLA_Project1_Sorbonne/venv/bin/python: error while loading shared libraries: libpython3.12.so.1.0: cannot open shared object file: No such file or directory
/mnt/tier2/users/u102575/RandNLA_Project1_Sorbonne/venv/bin/python: error while loading shared libraries: libpython3.12.so.1.0: cannot open shared object file: No such file or directory
/mnt/tier2/users/u102575/RandNLA_Project1_Sorbonne/venv/bin/python: error while loading shared libraries: libpython3.12.so.1.0: cannot open shared object file: No such file or directory
/mnt/tier2/users/u102575/RandNLA_Project1_Sorbonne/venv/bin/python: error while loading shared libraries: libpython3.12.so.1.0: cannot open shared object file: No such file or directory
/mnt/tier2/users/u102575/RandNLA_Project1_Sorbonne/venv/bin/python: error while loading shared libraries: libpython3.12.so.1.0: cannot open shared object file: No such file or directory
/mnt/tier2/users/u102575/RandNLA_Project1_Sorbonne/venv/bin/python: error while loading shared libraries: libpython3.12.so.1.0: cannot open shared object file: No such file or directory
/mnt/tier2/users/u102575/RandNLA_Project1_Sorbonne/venv/bin/python: error while loading shared libraries: libpython3.12.so.1.0: cannot open shared object file: No such file or directory
/mnt/tier2/users/u102575/RandNLA_Project1_Sorbonne/venv/bin/python: error while loading shared libraries: libpython3.12.so.1.0: cannot open shared object file: No such file or directory
/mnt/tier2/users/u102575/RandNLA_Project1_Sorbonne/venv/bin/python: error while loading shared libraries: libpython3.12.so.1.0: cannot open shared object file: No such file or directory
srun: error: mel0534: tasks 0-4,8-12,14-15: Exited with exit code 127
srun: error: mel0534: tasks 5-7,13: Terminated
srun: Force Terminated StepId=3996378.1
[3/4] MNIST Stability (c=10^5)...
/mnt/tier2/users/u102575/RandNLA_Project1_Sorbonne/venv/bin/python: error while loading shared libraries: libpython3.12.so.1.0: cannot open shared object file: No such file or directory
/mnt/tier2/users/u102575/RandNLA_Project1_Sorbonne/venv/bin/python: error while loading shared libraries: libpython3.12.so.1.0: cannot open shared object file: No such file or directory
/mnt/tier2/users/u102575/RandNLA_Project1_Sorbonne/venv/bin/python: error while loading shared libraries: libpython3.12.so.1.0: cannot open shared object file: No such file or directory
/mnt/tier2/users/u102575/RandNLA_Project1_Sorbonne/venv/bin/python: error while loading shared libraries: libpython3.12.so.1.0: cannot open shared object file: No such file or directory
/mnt/tier2/users/u102575/RandNLA_Project1_Sorbonne/venv/bin/python: error while loading shared libraries: libpython3.12.so.1.0: cannot open shared object file: No such file or directory
/mnt/tier2/users/u102575/RandNLA_Project1_Sorbonne/venv/bin/python: error while loading shared libraries: libpython3.12.so.1.0: cannot open shared object file: No such file or directory
/mnt/tier2/users/u102575/RandNLA_Project1_Sorbonne/venv/bin/python: error while loading shared libraries: libpython3.12.so.1.0: cannot open shared object file: No such file or directory
/mnt/tier2/users/u102575/RandNLA_Project1_Sorbonne/venv/bin/python: error while loading shared libraries: libpython3.12.so.1.0: cannot open shared object file: No such file or directory
/mnt/tier2/users/u102575/RandNLA_Project1_Sorbonne/venv/bin/python: error while loading shared libraries: libpython3.12.so.1.0: cannot open shared object file: No such file or directory
/mnt/tier2/users/u102575/RandNLA_Project1_Sorbonne/venv/bin/python: error while loading shared libraries: libpython3.12.so.1.0: cannot open shared object file: No such file or directory
/mnt/tier2/users/u102575/RandNLA_Project1_Sorbonne/venv/bin/python: error while loading shared libraries: libpython3.12.so.1.0: cannot open shared object file: No such file or directory
/mnt/tier2/users/u102575/RandNLA_Project1_Sorbonne/venv/bin/python: error while loading shared libraries: libpython3.12.so.1.0: cannot open shared object file: No such file or directory
/mnt/tier2/users/u102575/RandNLA_Project1_Sorbonne/venv/bin/python: error while loading shared libraries: libpython3.12.so.1.0: cannot open shared object file: No such file or directory
/mnt/tier2/users/u102575/RandNLA_Project1_Sorbonne/venv/bin/python: error while loading shared libraries: libpython3.12.so.1.0: cannot open shared object file: No such file or directory
/mnt/tier2/users/u102575/RandNLA_Project1_Sorbonne/venv/bin/python: error while loading shared libraries: libpython3.12.so.1.0: cannot open shared object file: No such file or directory
/mnt/tier2/users/u102575/RandNLA_Project1_Sorbonne/venv/bin/python: error while loading shared libraries: libpython3.12.so.1.0: cannot open shared object file: No such file or directory
srun: error: mel0534: tasks 0-15: Exited with exit code 127
[4/4] Scalability Tests (N=40000)...
   -> Running on 1 cores...
/mnt/tier2/users/u102575/RandNLA_Project1_Sorbonne/venv/bin/python: error while loading shared libraries: libpython3.12.so.1.0: cannot open shared object file: No such file or directory
srun: error: mel0534: task 0: Exited with exit code 127
   -> Running on 4 cores...
/mnt/tier2/users/u102575/RandNLA_Project1_Sorbonne/venv/bin/python: error while loading shared libraries: libpython3.12.so.1.0: cannot open shared object file: No such file or directory
/mnt/tier2/users/u102575/RandNLA_Project1_Sorbonne/venv/bin/python: error while loading shared libraries: libpython3.12.so.1.0: cannot open shared object file: No such file or directory
/mnt/tier2/users/u102575/RandNLA_Project1_Sorbonne/venv/bin/python: error while loading shared libraries: libpython3.12.so.1.0: cannot open shared object file: No such file or directory
/mnt/tier2/users/u102575/RandNLA_Project1_Sorbonne/venv/bin/python: error while loading shared libraries: libpython3.12.so.1.0: cannot open shared object file: No such file or directory
srun: error: mel0534: tasks 0-3: Exited with exit code 127
   -> Running on 9 cores...
/mnt/tier2/users/u102575/RandNLA_Project1_Sorbonne/venv/bin/python: error while loading shared libraries: libpython3.12.so.1.0: cannot open shared object file: No such file or directory
/mnt/tier2/users/u102575/RandNLA_Project1_Sorbonne/venv/bin/python: error while loading shared libraries: libpython3.12.so.1.0: cannot open shared object file: No such file or directory
/mnt/tier2/users/u102575/RandNLA_Project1_Sorbonne/venv/bin/python: error while loading shared libraries: libpython3.12.so.1.0: cannot open shared object file: No such file or directory
srun: error: mel0534: tasks 2,4,7: Exited with exit code 127
srun: error: mel0534: tasks 0-1,3,5-6,8: Terminated
srun: Force Terminated StepId=3996378.5
   -> Running on 16 cores...
/mnt/tier2/users/u102575/RandNLA_Project1_Sorbonne/venv/bin/python: error while loading shared libraries: libpython3.12.so.1.0: cannot open shared object file: No such file or directory
/mnt/tier2/users/u102575/RandNLA_Project1_Sorbonne/venv/bin/python: error while loading shared libraries: libpython3.12.so.1.0: cannot open shared object file: No such file or directory
/mnt/tier2/users/u102575/RandNLA_Project1_Sorbonne/venv/bin/python: error while loading shared libraries: libpython3.12.so.1.0: cannot open shared object file: No such file or directory
/mnt/tier2/users/u102575/RandNLA_Project1_Sorbonne/venv/bin/python: error while loading shared libraries: libpython3.12.so.1.0: cannot open shared object file: No such file or directory
/mnt/tier2/users/u102575/RandNLA_Project1_Sorbonne/venv/bin/python: error while loading shared libraries: libpython3.12.so.1.0: cannot open shared object file: No such file or directory
PSI: doSpawn: got signal 15 from 0x021700006b63[535:27491]
PSI: doSpawn: got signal 15 from 0x021700006b5f[535:27487]
/mnt/tier2/users/u102575/RandNLA_Project1_Sorbonne/venv/bin/python: error while loading shared libraries: libpython3.12.so.1.0: cannot open shared object file: No such file or directory
/mnt/tier2/users/u102575/RandNLA_Project1_Sorbonne/venv/bin/python: error while loading shared libraries: libpython3.12.so.1.0: cannot open shared object file: No such file or directory
PSI: doSpawn: got signal 15 from 0x021700006b64[535:27492]
PSI: doSpawn: got signal 15 from 0x021700006b60[535:27488]
PSI: doSpawn: got signal 15 from 0x021700006b61[535:27489]
/mnt/tier2/users/u102575/RandNLA_Project1_Sorbonne/venv/bin/python: error while loading shared libraries: libpython3.12.so.1.0: cannot open shared object file: No such file or directory
/mnt/tier2/users/u102575/RandNLA_Project1_Sorbonne/venv/bin/python: error while loading shared libraries: libpython3.12.so.1.0: cannot open shared object file: No such file or directory
/mnt/tier2/users/u102575/RandNLA_Project1_Sorbonne/venv/bin/python: error while loading shared libraries: libpython3.12.so.1.0: cannot open shared object file: No such file or directory
/mnt/tier2/users/u102575/RandNLA_Project1_Sorbonne/venv/bin/python: error while loading shared libraries: libpython3.12.so.1.0: cannot open shared object file: No such file or directory
/mnt/tier2/users/u102575/RandNLA_Project1_Sorbonne/venv/bin/python: error while loading shared libraries: libpython3.12.so.1.0: cannot open shared object file: No such file or directory
/mnt/tier2/users/u102575/RandNLA_Project1_Sorbonne/venv/bin/python: error while loading shared libraries: libpython3.12.so.1.0: cannot open shared object file: No such file or directory
/mnt/tier2/users/u102575/RandNLA_Project1_Sorbonne/venv/bin/python: error while loading shared libraries: libpython3.12.so.1.0: cannot open shared object file: No such file or directory
/mnt/tier2/users/u102575/RandNLA_Project1_Sorbonne/venv/bin/python: error while loading shared libraries: libpython3.12.so.1.0: cannot open shared object file: No such file or directory
/mnt/tier2/users/u102575/RandNLA_Project1_Sorbonne/venv/bin/python: error while loading shared libraries: libpython3.12.so.1.0: cannot open shared object file: No such file or directory
srun: error: mel0534: tasks 0-15: Exited with exit code 127
=== BENCHMARK COMPLETE ===
